SF:lib/txdx/txdx_item.dart
DA:23,1
DA:24,3
DA:26,4
DA:28,4
DA:29,4
DA:30,4
DA:31,4
DA:32,4
DA:33,4
DA:34,4
DA:37,0
DA:38,0
DA:41,1
DA:42,2
DA:43,2
DA:44,2
DA:45,2
DA:46,2
DA:47,2
DA:48,2
DA:49,2
DA:50,1
DA:53,1
DA:54,1
DA:55,6
DA:58,1
DA:59,1
DA:60,1
DA:63,1
DA:64,1
DA:67,1
DA:70,2
DA:73,1
DA:74,1
DA:75,1
DA:77,2
DA:78,3
DA:79,1
DA:80,3
DA:86,0
LF:40
LH:37
end_of_record
SF:lib/txdx/txdx_list.dart
DA:8,0
DA:9,0
DA:10,0
DA:11,0
LF:4
LH:0
end_of_record
SF:lib/main.dart
DA:8,0
DA:9,0
DA:10,0
DA:11,0
DA:12,0
DA:13,0
DA:16,0
DA:20,1
DA:23,0
DA:25,0
DA:27,0
DA:29,0
LF:12
LH:1
end_of_record
SF:lib/due_notification_widget.dart
DA:8,0
DA:9,0
DA:13,0
DA:14,0
DA:18,0
DA:20,0
DA:22,0
DA:24,0
DA:25,0
DA:32,0
DA:33,0
LF:11
LH:0
end_of_record
SF:lib/txdx_list_view_widget.dart
DA:7,1
DA:8,0
DA:12,0
DA:13,0
DA:17,0
DA:21,0
DA:22,0
DA:23,0
DA:25,0
DA:26,0
DA:27,0
DA:31,0
DA:34,0
DA:36,0
DA:38,0
DA:39,0
DA:41,0
DA:43,0
DA:44,0
LF:19
LH:1
end_of_record
SF:lib/txdx_item_widget.dart
DA:7,0
DA:8,0
DA:13,0
DA:14,0
DA:18,0
DA:21,0
DA:23,0
DA:24,0
DA:25,0
DA:28,0
DA:30,0
DA:31,0
DA:32,0
DA:34,0
DA:35,0
DA:36,0
DA:41,0
DA:47,0
DA:53,0
LF:19
LH:0
end_of_record
